[:00000001] LAUNCH logger log/21-12-02-15-05-25.log
[:00000002] LAUNCH snlua bootstrap
[:00000003] LAUNCH snlua launcher
[:00000004] LAUNCH snlua cdummy
[:00000005] LAUNCH harbor 0 4
[:00000006] LAUNCH snlua datacenterd
[:00000007] LAUNCH snlua service_mgr
[:00000008] LAUNCH snlua main
[:00000008] start
[:00000009] LAUNCH snlua gate
[:00000009] lua loader error : ./src/service/gate.lua:3: module 'cjson' not found:
	no field package.preload['cjson']
	no file './cjson.lua'
	no file './cjson/init.lua'
	no file './skynet/lualib/cjson.lua'
	no file './skynet/lualib/cjson/init.lua'
	no file './lib/cjson.so'
	no file 'skynet/luaclib/cjson.so'
stack traceback:
	[C]: in function 'require'
	./src/service/gate.lua:3: in local 'main'
	./skynet/lualib/loader.lua:48: in main chunk
[:00000009] KILL self
[:00000008] init service failed: ./skynet/lualib/skynet.lua:545: ./skynet/service/service_mgr.lua:25: ./skynet/lualib/skynet.lua:391: call failed
stack traceback:
	[C]: in function 'assert'
	./skynet/lualib/skynet.lua:545: in function 'skynet.uniqueservice'
	./src/service/main.lua:6: in local 'start'
	./skynet/lualib/skynet.lua:629: in function <./skynet/lualib/skynet.lua:626>
	[C]: in function 'xpcall'
	./skynet/lualib/skynet.lua:633: in function 'skynet.pcall'
	./skynet/lualib/skynet.lua:637: in function 'skynet.init_service'
	./skynet/lualib/skynet.lua:650: in upvalue 'f'
	./skynet/lualib/skynet.lua:106: in function <./skynet/lualib/skynet.lua:105>
[:00000008] KILL self
[:00000002] KILL self
